0 info it worked if it ends with ok
1 verbose cli [ '/usr/bin/nodejs', '/usr/bin/npm', 'install', '--save', 'https' ]
2 info using npm@1.2.18
3 info using node@v0.10.15
4 verbose read json /home/robert/realtime/package.json
5 warn package.json socket-chat-example@0.0.1 No README.md file found!
6 verbose read json /home/robert/realtime/node_modules/http/package.json
7 verbose read json /home/robert/realtime/node_modules/redis/package.json
8 verbose read json /home/robert/realtime/node_modules/socket.io/package.json
9 verbose read json /home/robert/realtime/node_modules/socket.io-client/package.json
10 verbose from cache /home/robert/realtime/package.json
11 verbose readDependencies using package.json deps
12 verbose cache add [ 'https', null ]
13 verbose cache add name=undefined spec="https" args=["https",null]
14 verbose parsed url { protocol: null,
14 verbose parsed url   slashes: null,
14 verbose parsed url   auth: null,
14 verbose parsed url   host: null,
14 verbose parsed url   port: null,
14 verbose parsed url   hostname: null,
14 verbose parsed url   hash: null,
14 verbose parsed url   search: null,
14 verbose parsed url   query: null,
14 verbose parsed url   pathname: 'https',
14 verbose parsed url   path: 'https',
14 verbose parsed url   href: 'https' }
15 silly lockFile c3437dbc-https https
16 verbose lock https /home/robert/.npm/c3437dbc-https.lock
17 silly lockFile c3437dbc-https https
18 silly lockFile c3437dbc-https https
19 verbose addNamed [ 'https', '' ]
20 verbose addNamed [ null, '*' ]
21 silly lockFile 421d451a-https https@
22 verbose lock https@ /home/robert/.npm/421d451a-https.lock
23 silly addNameRange { name: 'https', range: '*', hasData: false }
24 verbose url raw https
25 verbose url resolving [ 'https://registry.npmjs.org/', './https' ]
26 verbose url resolved https://registry.npmjs.org/https
27 info trying registry request attempt 1 at 15:18:03
28 http GET https://registry.npmjs.org/https
29 http 404 https://registry.npmjs.org/https
30 silly registry.get cb [ 404,
30 silly registry.get   { date: 'Wed, 13 Aug 2014 07:18:07 GMT',
30 silly registry.get     server: 'CouchDB/1.5.0 (Erlang OTP/R14B04)',
30 silly registry.get     'content-type': 'application/json',
30 silly registry.get     'cache-control': 'max-age=0',
30 silly registry.get     'content-length': '52',
30 silly registry.get     'accept-ranges': 'bytes',
30 silly registry.get     via: '1.1 varnish',
30 silly registry.get     age: '0',
30 silly registry.get     'x-served-by': 'cache-sjc3120-SJC',
30 silly registry.get     'x-cache': 'MISS',
30 silly registry.get     'x-cache-hits': '0',
30 silly registry.get     'x-timer': 'S1407914287.425987,VS0,VE91',
30 silly registry.get     'keep-alive': 'timeout=10, max=50',
30 silly registry.get     connection: 'Keep-Alive' } ]
31 silly lockFile 421d451a-https https@
32 silly lockFile 421d451a-https https@
33 error 404 'https' is not in the npm registry.
33 error 404 You should bug the author to publish it
33 error 404
33 error 404 Note that you can also install from a
33 error 404 tarball, folder, or http url, or git url.
34 error System Linux 3.11.0-13-generic
35 error command "/usr/bin/nodejs" "/usr/bin/npm" "install" "--save" "https"
36 error cwd /home/robert/realtime
37 error node -v v0.10.15
38 error npm -v 1.2.18
39 error code E404
40 verbose exit [ 1, true ]
